<?xml version="1.0" encoding="UTF-8"?>
<!-- Generated by org.testng.reporters.JUnitXMLReporter -->
<testsuite hostname="LAPTOP-S3PU3090" ignored="2" name="Free CRM APP Test Cases" tests="6" failures="1" timestamp="26 Mar 2020 21:19:33 GMT" time="109.198" errors="0">
  <testcase name="SelectContactsTest" time="1.203" classname="com.crm.qa.testcases.ContactsPageTest"/>
  <testcase name="VerifyContactsLabel" time="1.238" classname="com.crm.qa.testcases.ContactsPageTest"/>
  <testcase name="VerifyContactLinkTest" time="0.209" classname="com.crm.qa.testcases.HomePageTest"/>
  <testcase name="LoginPageTitleTest" time="0.009" classname="com.crm.qa.testcases.LoginPageTest">
    <failure type="java.lang.AssertionError" message="expected [CRMPRO - CRM software for customer relationship management, sales, and support.] but found [CRMPRO Log In Screen]">
      <![CDATA[java.lang.AssertionError: expected [CRMPRO - CRM software for customer relationship management, sales, and support.] but found [CRMPRO Log In Screen]
	at com.crm.qa.testcases.LoginPageTest.LoginPageTitleTest(LoginPageTest.java:36)
... Removed 31 stack frames]]>
    </failure>
  </testcase> <!-- LoginPageTitleTest -->
  <testcase name="Logintest" time="6.421" classname="com.crm.qa.testcases.LoginPageTest"/>
  <testcase name="validateCRMLogo" time="0.055" classname="com.crm.qa.testcases.LoginPageTest"/>
  <testcase name="VerifyHomePageTitle" time="0.0" classname="com.crm.qa.testcases.HomePageTest">
    <ignored/>
  </testcase> <!-- VerifyHomePageTitle -->
  <testcase name="ValidateUserNamelabel" time="0.0" classname="com.crm.qa.testcases.HomePageTest">
    <ignored/>
  </testcase> <!-- ValidateUserNamelabel -->
</testsuite> <!-- Free CRM APP Test Cases -->
